<?xml version="1.0" encoding="UTF-8"?>
<!-- Generated by org.testng.reporters.JUnitXMLReporter -->
<testsuite ignored="0" hostname="LAPTOP-QOLD1IIT" failures="0" tests="4" name="Default test" time="25.46" errors="0" timestamp="2022-02-02T17:20:09 EST">
  <testcase classname="testpackage.SignUptestclass" name="Title" time="2.037"/>
  <testcase classname="testpackage.SignUptestclass" name="Signup" time="11.584"/>
  <testcase classname="testpackage.SignUptestclass" name="login" time="6.683"/>
  <testcase classname="testpackage.SignUptestclass" name="AddToCart" time="5.087"/>
</testsuite> <!-- Default test -->
