<?xml version="1.0" encoding="UTF-8"?>
<testng-results ignored="0" total="4" passed="4" failed="0" skipped="0">
  <reporter-output>
  </reporter-output>
  <suite started-at="2022-02-02T17:19:44 EST" name="Default suite" finished-at="2022-02-02T17:20:09 EST" duration-ms="25460">
    <groups>
    </groups>
    <test started-at="2022-02-02T17:19:44 EST" name="Default test" finished-at="2022-02-02T17:20:09 EST" duration-ms="25460">
      <class name="testpackage.SignUptestclass">
        <test-method is-config="true" signature="initsetup()[pri:0, instance:testpackage.SignUptestclass@3bb9a3ff]" started-at="2022-02-02T17:19:34 EST" name="initsetup" finished-at="2022-02-02T17:19:44 EST" duration-ms="9537" status="PASS">
          <reporter-output>
          </reporter-output>
        </test-method> <!-- initsetup -->
        <test-method signature="Title()[pri:1, instance:testpackage.SignUptestclass@3bb9a3ff]" started-at="2022-02-02T17:19:44 EST" name="Title" finished-at="2022-02-02T17:19:46 EST" duration-ms="2037" status="PASS">
          <reporter-output>
          </reporter-output>
        </test-method> <!-- Title -->
        <test-method signature="Signup()[pri:2, instance:testpackage.SignUptestclass@3bb9a3ff]" started-at="2022-02-02T17:19:46 EST" name="Signup" finished-at="2022-02-02T17:19:57 EST" duration-ms="11584" status="PASS">
          <reporter-output>
          </reporter-output>
        </test-method> <!-- Signup -->
        <test-method signature="login()[pri:3, instance:testpackage.SignUptestclass@3bb9a3ff]" started-at="2022-02-02T17:19:57 EST" name="login" finished-at="2022-02-02T17:20:04 EST" duration-ms="6683" status="PASS">
          <reporter-output>
          </reporter-output>
        </test-method> <!-- login -->
        <test-method signature="AddToCart()[pri:4, instance:testpackage.SignUptestclass@3bb9a3ff]" started-at="2022-02-02T17:20:04 EST" name="AddToCart" finished-at="2022-02-02T17:20:09 EST" duration-ms="5087" status="PASS">
          <reporter-output>
          </reporter-output>
        </test-method> <!-- AddToCart -->
      </class> <!-- testpackage.SignUptestclass -->
    </test> <!-- Default test -->
  </suite> <!-- Default suite -->
</testng-results>
